<?xml version="1.0" encoding="UTF-8" ?>
<testsuite tests="1" failures="0" name="com.runner.TestRunner" time="0.616" errors="1" skipped="0">
  <properties>
[...]
</properties>
  <testcase classname="com.runner.TestRunner" name="com.runner.TestRunner" time="0.616">
    <error message="Duplicate step definitions in com.steps.StepDefinition.enter_url1() in file:/C:/Users/Admin/Desktop/workspace/Cucumber/cucumber/target/test-classes/ and com.steps.StepDefinition.enter_url2() in file:/C:/Users/Admin/Desktop/workspace/Cucumber/cucumber/target/test-classes/" type="cucumber.runtime.DuplicateStepDefinitionException">cucumber.runtime.DuplicateStepDefinitionException: Duplicate step definitions in com.steps.StepDefinition.enter_url1() in file:/C:/Users/Admin/Desktop/workspace/Cucumber/cucumber/target/test-classes/ and com.steps.StepDefinition.enter_url2() in file:/C:/Users/Admin/Desktop/workspace/Cucumber/cucumber/target/test-classes/
	at cucumber.runner.Glue.addStepDefinition(Glue.java:38)
	at cucumber.runtime.java.JavaBackend.addStepDefinition(JavaBackend.java:170)
	at cucumber.runtime.java.MethodScanner.scan(MethodScanner.java:64)
	at cucumber.runtime.java.MethodScanner.scan(MethodScanner.java:41)
	at cucumber.runtime.java.JavaBackend.loadGlue(JavaBackend.java:111)
	at cucumber.runner.Runner.&lt;init&gt;(Runner.java:39)
	at cucumber.runner.ThreadLocalRunnerSupplier.createRunner(ThreadLocalRunnerSupplier.java:42)
	at cucumber.runner.ThreadLocalRunnerSupplier.access$000(ThreadLocalRunnerSupplier.java:13)
	at cucumber.runner.ThreadLocalRunnerSupplier$1.initialValue(ThreadLocalRunnerSupplier.java:22)
	at cucumber.runner.ThreadLocalRunnerSupplier$1.initialValue(ThreadLocalRunnerSupplier.java:19)
	at java.base/java.lang.ThreadLocal.setInitialValue(ThreadLocal.java:195)
	at java.base/java.lang.ThreadLocal.get(ThreadLocal.java:172)
	at cucumber.runner.ThreadLocalRunnerSupplier.get(ThreadLocalRunnerSupplier.java:38)
	at io.cucumber.junit.Cucumber$RunCucumber.evaluate(Cucumber.java:173)
	at org.junit.runners.ParentRunner.run(ParentRunner.java:363)
	at org.apache.maven.surefire.junit4.JUnit4Provider.execute(JUnit4Provider.java:252)
	at org.apache.maven.surefire.junit4.JUnit4Provider.executeTestSet(JUnit4Provider.java:141)
	at org.apache.maven.surefire.junit4.JUnit4Provider.invoke(JUnit4Provider.java:112)
	at java.base/jdk.internal.reflect.NativeMethodAccessorImpl.invoke0(Native Method)
	at java.base/jdk.internal.reflect.NativeMethodAccessorImpl.invoke(NativeMethodAccessorImpl.java:62)
	at java.base/jdk.internal.reflect.DelegatingMethodAccessorImpl.invoke(DelegatingMethodAccessorImpl.java:43)
	at java.base/java.lang.reflect.Method.invoke(Method.java:567)
	at org.apache.maven.surefire.util.ReflectionUtils.invokeMethodWithArray(ReflectionUtils.java:189)
	at org.apache.maven.surefire.booter.ProviderFactory$ProviderProxy.invoke(ProviderFactory.java:165)
	at org.apache.maven.surefire.booter.ProviderFactory.invokeProvider(ProviderFactory.java:85)
	at org.apache.maven.surefire.booter.ForkedBooter.runSuitesInProcess(ForkedBooter.java:115)
	at org.apache.maven.surefire.booter.ForkedBooter.main(ForkedBooter.java:75)
</error>
  </testcase>
</testsuite>